2018/07/12 09:49:28 [error] [exception.CDbException] CDbException: CDbConnection failed to open the DB connection: SQLSTATE[HY000] [1049] Unknown database 'cricketassignment' in C:\xampp\htdocs\yii\framework\db\CDbConnection.php:399
Stack trace:
#0 C:\xampp\htdocs\yii\framework\db\CDbConnection.php(347): CDbConnection->open()
#1 C:\xampp\htdocs\yii\framework\db\CDbConnection.php(325): CDbConnection->setActive(true)
#2 C:\xampp\htdocs\yii\framework\base\CModule.php(394): CDbConnection->init()
#3 C:\xampp\htdocs\yii\framework\base\CModule.php(103): CModule->getComponent('db')
#4 C:\xampp\htdocs\yii\framework\gii\generators\crud\CrudCode.php(44): CModule->__get('db')
#5 C:\xampp\htdocs\yii\framework\web\CFormModel.php(39): CrudCode->init()
#6 C:\xampp\htdocs\yii\framework\gii\CCodeGenerator.php(153): CFormModel->__construct()
#7 C:\xampp\htdocs\yii\framework\gii\CCodeGenerator.php(63): CCodeGenerator->prepare()
#8 C:\xampp\htdocs\yii\framework\web\actions\CInlineAction.php(49): CCodeGenerator->actionIndex()
#9 C:\xampp\htdocs\yii\framework\web\CController.php(308): CInlineAction->runWithParams(Array)
#10 C:\xampp\htdocs\yii\framework\web\CController.php(286): CController->runAction(Object(CInlineAction))
#11 C:\xampp\htdocs\yii\framework\web\CController.php(265): CController->runActionWithFilters(Object(CInlineAction), Array)
#12 C:\xampp\htdocs\yii\framework\web\CWebApplication.php(282): CController->run('index')
#13 C:\xampp\htdocs\yii\framework\web\CWebApplication.php(141): CWebApplication->runController('gii/crud/index')
#14 C:\xampp\htdocs\yii\framework\base\CApplication.php(185): CWebApplication->processRequest()
#15 C:\xampp\htdocs\cricketTournament\index.php(13): CApplication->run()
#16 {main}
REQUEST_URI=/cricketTournament/index.php?r=gii/crud/index
HTTP_REFERER=http://localhost/cricketTournament/index.php?r=gii/controller/index
---
2018/07/12 10:11:06 [error] [exception.CException] CException: Alias "bootstrap.components.Bootstrap" is invalid. Make sure it points to an existing PHP file and the file is readable. in C:\xampp\htdocs\yii\framework\YiiBase.php:330
Stack trace:
#0 C:\xampp\htdocs\yii\framework\YiiBase.php(204): YiiBase::import('bootstrap.compo...', true)
#1 C:\xampp\htdocs\yii\framework\base\CModule.php(393): YiiBase::createComponent(Array)
#2 C:\xampp\htdocs\yii\framework\base\CModule.php(103): CModule->getComponent('bootstrap')
#3 C:\xampp\htdocs\cricketTournament\protected\views\layouts\main.php(9): CModule->__get('bootstrap')
#4 C:\xampp\htdocs\yii\framework\web\CBaseController.php(126): require('C:\\xampp\\htdocs...')
#5 C:\xampp\htdocs\yii\framework\web\CBaseController.php(95): CBaseController->renderInternal('C:\\xampp\\htdocs...', Array, true)
#6 C:\xampp\htdocs\yii\framework\web\widgets\CContentDecorator.php(76): CBaseController->renderFile('C:\\xampp\\htdocs...', Array, true)
#7 C:\xampp\htdocs\yii\framework\web\widgets\CContentDecorator.php(54): CContentDecorator->decorate('<div id="conten...')
#8 C:\xampp\htdocs\yii\framework\web\widgets\COutputProcessor.php(44): CContentDecorator->processOutput('<div id="conten...')
#9 C:\xampp\htdocs\yii\framework\web\CBaseController.php(215): COutputProcessor->run()
#10 C:\xampp\htdocs\yii\framework\web\CBaseController.php(309): CBaseController->endWidget('CContentDecorat...')
#11 C:\xampp\htdocs\cricketTournament\protected\views\layouts\column1.php(6): CBaseController->endContent()
#12 C:\xampp\htdocs\yii\framework\web\CBaseController.php(126): require('C:\\xampp\\htdocs...')
#13 C:\xampp\htdocs\yii\framework\web\CBaseController.php(95): CBaseController->renderInternal('C:\\xampp\\htdocs...', Array, true)
#14 C:\xampp\htdocs\yii\framework\web\CController.php(787): CBaseController->renderFile('C:\\xampp\\htdocs...', Array, true)
#15 C:\xampp\htdocs\cricketTournament\protected\controllers\SiteController.php(32): CController->render('index')
#16 C:\xampp\htdocs\yii\framework\web\actions\CInlineAction.php(49): SiteController->actionIndex()
#17 C:\xampp\htdocs\yii\framework\web\CController.php(308): CInlineAction->runWithParams(Array)
#18 C:\xampp\htdocs\yii\framework\web\CController.php(286): CController->runAction(Object(CInlineAction))
#19 C:\xampp\htdocs\yii\framework\web\CController.php(265): CController->runActionWithFilters(Object(CInlineAction), Array)
#20 C:\xampp\htdocs\yii\framework\web\CWebApplication.php(282): CController->run('')
#21 C:\xampp\htdocs\yii\framework\web\CWebApplication.php(141): CWebApplication->runController('')
#22 C:\xampp\htdocs\yii\framework\base\CApplication.php(185): CWebApplication->processRequest()
#23 C:\xampp\htdocs\cricketTournament\index.php(13): CApplication->run()
#24 {main}
REQUEST_URI=/cricketTournament/
---
2018/07/12 10:25:31 [error] [exception.ParseError] ParseError: syntax error, unexpected ':', expecting ',' or ';' in C:\xampp\htdocs\cricketTournament\protected\views\layouts\main.php:29
Stack trace:
#0 C:\xampp\htdocs\yii\framework\web\CBaseController.php(95): CBaseController->renderInternal('C:\\xampp\\htdocs...', Array, true)
#1 C:\xampp\htdocs\yii\framework\web\widgets\CContentDecorator.php(76): CBaseController->renderFile('C:\\xampp\\htdocs...', Array, true)
#2 C:\xampp\htdocs\yii\framework\web\widgets\CContentDecorator.php(54): CContentDecorator->decorate('<div id="conten...')
#3 C:\xampp\htdocs\yii\framework\web\widgets\COutputProcessor.php(44): CContentDecorator->processOutput('<div id="conten...')
#4 C:\xampp\htdocs\yii\framework\web\CBaseController.php(215): COutputProcessor->run()
#5 C:\xampp\htdocs\yii\framework\web\CBaseController.php(309): CBaseController->endWidget('CContentDecorat...')
#6 C:\xampp\htdocs\cricketTournament\protected\views\layouts\column1.php(6): CBaseController->endContent()
#7 C:\xampp\htdocs\yii\framework\web\CBaseController.php(126): require('C:\\xampp\\htdocs...')
#8 C:\xampp\htdocs\yii\framework\web\CBaseController.php(95): CBaseController->renderInternal('C:\\xampp\\htdocs...', Array, true)
#9 C:\xampp\htdocs\yii\framework\web\CController.php(787): CBaseController->renderFile('C:\\xampp\\htdocs...', Array, true)
#10 C:\xampp\htdocs\cricketTournament\protected\controllers\SiteController.php(32): CController->render('index')
#11 C:\xampp\htdocs\yii\framework\web\actions\CInlineAction.php(49): SiteController->actionIndex()
#12 C:\xampp\htdocs\yii\framework\web\CController.php(308): CInlineAction->runWithParams(Array)
#13 C:\xampp\htdocs\yii\framework\web\CController.php(286): CController->runAction(Object(CInlineAction))
#14 C:\xampp\htdocs\yii\framework\web\CController.php(265): CController->runActionWithFilters(Object(CInlineAction), Array)
#15 C:\xampp\htdocs\yii\framework\web\CWebApplication.php(282): CController->run('')
#16 C:\xampp\htdocs\yii\framework\web\CWebApplication.php(141): CWebApplication->runController('')
#17 C:\xampp\htdocs\yii\framework\base\CApplication.php(185): CWebApplication->processRequest()
#18 C:\xampp\htdocs\cricketTournament\index.php(13): CApplication->run()
#19 {main}
REQUEST_URI=/cricketTournament/
---
2018/07/12 10:25:59 [error] [exception.ParseError] ParseError: syntax error, unexpected ':', expecting ',' or ';' in C:\xampp\htdocs\cricketTournament\protected\views\layouts\main.php:29
Stack trace:
#0 C:\xampp\htdocs\yii\framework\web\CBaseController.php(95): CBaseController->renderInternal('C:\\xampp\\htdocs...', Array, true)
#1 C:\xampp\htdocs\yii\framework\web\widgets\CContentDecorator.php(76): CBaseController->renderFile('C:\\xampp\\htdocs...', Array, true)
#2 C:\xampp\htdocs\yii\framework\web\widgets\CContentDecorator.php(54): CContentDecorator->decorate('<div id="conten...')
#3 C:\xampp\htdocs\yii\framework\web\widgets\COutputProcessor.php(44): CContentDecorator->processOutput('<div id="conten...')
#4 C:\xampp\htdocs\yii\framework\web\CBaseController.php(215): COutputProcessor->run()
#5 C:\xampp\htdocs\yii\framework\web\CBaseController.php(309): CBaseController->endWidget('CContentDecorat...')
#6 C:\xampp\htdocs\cricketTournament\protected\views\layouts\column1.php(6): CBaseController->endContent()
#7 C:\xampp\htdocs\yii\framework\web\CBaseController.php(126): require('C:\\xampp\\htdocs...')
#8 C:\xampp\htdocs\yii\framework\web\CBaseController.php(95): CBaseController->renderInternal('C:\\xampp\\htdocs...', Array, true)
#9 C:\xampp\htdocs\yii\framework\web\CController.php(787): CBaseController->renderFile('C:\\xampp\\htdocs...', Array, true)
#10 C:\xampp\htdocs\cricketTournament\protected\controllers\SiteController.php(32): CController->render('index')
#11 C:\xampp\htdocs\yii\framework\web\actions\CInlineAction.php(49): SiteController->actionIndex()
#12 C:\xampp\htdocs\yii\framework\web\CController.php(308): CInlineAction->runWithParams(Array)
#13 C:\xampp\htdocs\yii\framework\web\CController.php(286): CController->runAction(Object(CInlineAction))
#14 C:\xampp\htdocs\yii\framework\web\CController.php(265): CController->runActionWithFilters(Object(CInlineAction), Array)
#15 C:\xampp\htdocs\yii\framework\web\CWebApplication.php(282): CController->run('')
#16 C:\xampp\htdocs\yii\framework\web\CWebApplication.php(141): CWebApplication->runController('')
#17 C:\xampp\htdocs\yii\framework\base\CApplication.php(185): CWebApplication->processRequest()
#18 C:\xampp\htdocs\cricketTournament\index.php(13): CApplication->run()
#19 {main}
REQUEST_URI=/cricketTournament/
---
2018/07/12 10:26:56 [error] [exception.ParseError] ParseError: syntax error, unexpected ':', expecting ',' or ';' in C:\xampp\htdocs\cricketTournament\protected\views\layouts\main.php:29
Stack trace:
#0 C:\xampp\htdocs\yii\framework\web\CBaseController.php(95): CBaseController->renderInternal('C:\\xampp\\htdocs...', Array, true)
#1 C:\xampp\htdocs\yii\framework\web\widgets\CContentDecorator.php(76): CBaseController->renderFile('C:\\xampp\\htdocs...', Array, true)
#2 C:\xampp\htdocs\yii\framework\web\widgets\CContentDecorator.php(54): CContentDecorator->decorate('<div id="conten...')
#3 C:\xampp\htdocs\yii\framework\web\widgets\COutputProcessor.php(44): CContentDecorator->processOutput('<div id="conten...')
#4 C:\xampp\htdocs\yii\framework\web\CBaseController.php(215): COutputProcessor->run()
#5 C:\xampp\htdocs\yii\framework\web\CBaseController.php(309): CBaseController->endWidget('CContentDecorat...')
#6 C:\xampp\htdocs\cricketTournament\protected\views\layouts\column1.php(6): CBaseController->endContent()
#7 C:\xampp\htdocs\yii\framework\web\CBaseController.php(126): require('C:\\xampp\\htdocs...')
#8 C:\xampp\htdocs\yii\framework\web\CBaseController.php(95): CBaseController->renderInternal('C:\\xampp\\htdocs...', Array, true)
#9 C:\xampp\htdocs\yii\framework\web\CController.php(787): CBaseController->renderFile('C:\\xampp\\htdocs...', Array, true)
#10 C:\xampp\htdocs\cricketTournament\protected\controllers\SiteController.php(32): CController->render('index')
#11 C:\xampp\htdocs\yii\framework\web\actions\CInlineAction.php(49): SiteController->actionIndex()
#12 C:\xampp\htdocs\yii\framework\web\CController.php(308): CInlineAction->runWithParams(Array)
#13 C:\xampp\htdocs\yii\framework\web\CController.php(286): CController->runAction(Object(CInlineAction))
#14 C:\xampp\htdocs\yii\framework\web\CController.php(265): CController->runActionWithFilters(Object(CInlineAction), Array)
#15 C:\xampp\htdocs\yii\framework\web\CWebApplication.php(282): CController->run('')
#16 C:\xampp\htdocs\yii\framework\web\CWebApplication.php(141): CWebApplication->runController('')
#17 C:\xampp\htdocs\yii\framework\base\CApplication.php(185): CWebApplication->processRequest()
#18 C:\xampp\htdocs\cricketTournament\index.php(13): CApplication->run()
#19 {main}
REQUEST_URI=/cricketTournament/
---
2018/07/12 10:26:57 [error] [exception.ParseError] ParseError: syntax error, unexpected ':', expecting ',' or ';' in C:\xampp\htdocs\cricketTournament\protected\views\layouts\main.php:29
Stack trace:
#0 C:\xampp\htdocs\yii\framework\web\CBaseController.php(95): CBaseController->renderInternal('C:\\xampp\\htdocs...', Array, true)
#1 C:\xampp\htdocs\yii\framework\web\widgets\CContentDecorator.php(76): CBaseController->renderFile('C:\\xampp\\htdocs...', Array, true)
#2 C:\xampp\htdocs\yii\framework\web\widgets\CContentDecorator.php(54): CContentDecorator->decorate('<div id="conten...')
#3 C:\xampp\htdocs\yii\framework\web\widgets\COutputProcessor.php(44): CContentDecorator->processOutput('<div id="conten...')
#4 C:\xampp\htdocs\yii\framework\web\CBaseController.php(215): COutputProcessor->run()
#5 C:\xampp\htdocs\yii\framework\web\CBaseController.php(309): CBaseController->endWidget('CContentDecorat...')
#6 C:\xampp\htdocs\cricketTournament\protected\views\layouts\column1.php(6): CBaseController->endContent()
#7 C:\xampp\htdocs\yii\framework\web\CBaseController.php(126): require('C:\\xampp\\htdocs...')
#8 C:\xampp\htdocs\yii\framework\web\CBaseController.php(95): CBaseController->renderInternal('C:\\xampp\\htdocs...', Array, true)
#9 C:\xampp\htdocs\yii\framework\web\CController.php(787): CBaseController->renderFile('C:\\xampp\\htdocs...', Array, true)
#10 C:\xampp\htdocs\cricketTournament\protected\controllers\SiteController.php(32): CController->render('index')
#11 C:\xampp\htdocs\yii\framework\web\actions\CInlineAction.php(49): SiteController->actionIndex()
#12 C:\xampp\htdocs\yii\framework\web\CController.php(308): CInlineAction->runWithParams(Array)
#13 C:\xampp\htdocs\yii\framework\web\CController.php(286): CController->runAction(Object(CInlineAction))
#14 C:\xampp\htdocs\yii\framework\web\CController.php(265): CController->runActionWithFilters(Object(CInlineAction), Array)
#15 C:\xampp\htdocs\yii\framework\web\CWebApplication.php(282): CController->run('')
#16 C:\xampp\htdocs\yii\framework\web\CWebApplication.php(141): CWebApplication->runController('')
#17 C:\xampp\htdocs\yii\framework\base\CApplication.php(185): CWebApplication->processRequest()
#18 C:\xampp\htdocs\cricketTournament\index.php(13): CApplication->run()
#19 {main}
REQUEST_URI=/cricketTournament/
---
2018/07/12 10:26:58 [error] [exception.ParseError] ParseError: syntax error, unexpected ':', expecting ',' or ';' in C:\xampp\htdocs\cricketTournament\protected\views\layouts\main.php:29
Stack trace:
#0 C:\xampp\htdocs\yii\framework\web\CBaseController.php(95): CBaseController->renderInternal('C:\\xampp\\htdocs...', Array, true)
#1 C:\xampp\htdocs\yii\framework\web\widgets\CContentDecorator.php(76): CBaseController->renderFile('C:\\xampp\\htdocs...', Array, true)
#2 C:\xampp\htdocs\yii\framework\web\widgets\CContentDecorator.php(54): CContentDecorator->decorate('<div id="conten...')
#3 C:\xampp\htdocs\yii\framework\web\widgets\COutputProcessor.php(44): CContentDecorator->processOutput('<div id="conten...')
#4 C:\xampp\htdocs\yii\framework\web\CBaseController.php(215): COutputProcessor->run()
#5 C:\xampp\htdocs\yii\framework\web\CBaseController.php(309): CBaseController->endWidget('CContentDecorat...')
#6 C:\xampp\htdocs\cricketTournament\protected\views\layouts\column1.php(6): CBaseController->endContent()
#7 C:\xampp\htdocs\yii\framework\web\CBaseController.php(126): require('C:\\xampp\\htdocs...')
#8 C:\xampp\htdocs\yii\framework\web\CBaseController.php(95): CBaseController->renderInternal('C:\\xampp\\htdocs...', Array, true)
#9 C:\xampp\htdocs\yii\framework\web\CController.php(787): CBaseController->renderFile('C:\\xampp\\htdocs...', Array, true)
#10 C:\xampp\htdocs\cricketTournament\protected\controllers\SiteController.php(32): CController->render('index')
#11 C:\xampp\htdocs\yii\framework\web\actions\CInlineAction.php(49): SiteController->actionIndex()
#12 C:\xampp\htdocs\yii\framework\web\CController.php(308): CInlineAction->runWithParams(Array)
#13 C:\xampp\htdocs\yii\framework\web\CController.php(286): CController->runAction(Object(CInlineAction))
#14 C:\xampp\htdocs\yii\framework\web\CController.php(265): CController->runActionWithFilters(Object(CInlineAction), Array)
#15 C:\xampp\htdocs\yii\framework\web\CWebApplication.php(282): CController->run('')
#16 C:\xampp\htdocs\yii\framework\web\CWebApplication.php(141): CWebApplication->runController('')
#17 C:\xampp\htdocs\yii\framework\base\CApplication.php(185): CWebApplication->processRequest()
#18 C:\xampp\htdocs\cricketTournament\index.php(13): CApplication->run()
#19 {main}
REQUEST_URI=/cricketTournament/
---
2018/07/12 10:26:58 [error] [exception.ParseError] ParseError: syntax error, unexpected ':', expecting ',' or ';' in C:\xampp\htdocs\cricketTournament\protected\views\layouts\main.php:29
Stack trace:
#0 C:\xampp\htdocs\yii\framework\web\CBaseController.php(95): CBaseController->renderInternal('C:\\xampp\\htdocs...', Array, true)
#1 C:\xampp\htdocs\yii\framework\web\widgets\CContentDecorator.php(76): CBaseController->renderFile('C:\\xampp\\htdocs...', Array, true)
#2 C:\xampp\htdocs\yii\framework\web\widgets\CContentDecorator.php(54): CContentDecorator->decorate('<div id="conten...')
#3 C:\xampp\htdocs\yii\framework\web\widgets\COutputProcessor.php(44): CContentDecorator->processOutput('<div id="conten...')
#4 C:\xampp\htdocs\yii\framework\web\CBaseController.php(215): COutputProcessor->run()
#5 C:\xampp\htdocs\yii\framework\web\CBaseController.php(309): CBaseController->endWidget('CContentDecorat...')
#6 C:\xampp\htdocs\cricketTournament\protected\views\layouts\column1.php(6): CBaseController->endContent()
#7 C:\xampp\htdocs\yii\framework\web\CBaseController.php(126): require('C:\\xampp\\htdocs...')
#8 C:\xampp\htdocs\yii\framework\web\CBaseController.php(95): CBaseController->renderInternal('C:\\xampp\\htdocs...', Array, true)
#9 C:\xampp\htdocs\yii\framework\web\CController.php(787): CBaseController->renderFile('C:\\xampp\\htdocs...', Array, true)
#10 C:\xampp\htdocs\cricketTournament\protected\controllers\SiteController.php(32): CController->render('index')
#11 C:\xampp\htdocs\yii\framework\web\actions\CInlineAction.php(49): SiteController->actionIndex()
#12 C:\xampp\htdocs\yii\framework\web\CController.php(308): CInlineAction->runWithParams(Array)
#13 C:\xampp\htdocs\yii\framework\web\CController.php(286): CController->runAction(Object(CInlineAction))
#14 C:\xampp\htdocs\yii\framework\web\CController.php(265): CController->runActionWithFilters(Object(CInlineAction), Array)
#15 C:\xampp\htdocs\yii\framework\web\CWebApplication.php(282): CController->run('')
#16 C:\xampp\htdocs\yii\framework\web\CWebApplication.php(141): CWebApplication->runController('')
#17 C:\xampp\htdocs\yii\framework\base\CApplication.php(185): CWebApplication->processRequest()
#18 C:\xampp\htdocs\cricketTournament\index.php(13): CApplication->run()
#19 {main}
REQUEST_URI=/cricketTournament/
---
2018/07/12 10:26:58 [error] [exception.ParseError] ParseError: syntax error, unexpected ':', expecting ',' or ';' in C:\xampp\htdocs\cricketTournament\protected\views\layouts\main.php:29
Stack trace:
#0 C:\xampp\htdocs\yii\framework\web\CBaseController.php(95): CBaseController->renderInternal('C:\\xampp\\htdocs...', Array, true)
#1 C:\xampp\htdocs\yii\framework\web\widgets\CContentDecorator.php(76): CBaseController->renderFile('C:\\xampp\\htdocs...', Array, true)
#2 C:\xampp\htdocs\yii\framework\web\widgets\CContentDecorator.php(54): CContentDecorator->decorate('<div id="conten...')
#3 C:\xampp\htdocs\yii\framework\web\widgets\COutputProcessor.php(44): CContentDecorator->processOutput('<div id="conten...')
#4 C:\xampp\htdocs\yii\framework\web\CBaseController.php(215): COutputProcessor->run()
#5 C:\xampp\htdocs\yii\framework\web\CBaseController.php(309): CBaseController->endWidget('CContentDecorat...')
#6 C:\xampp\htdocs\cricketTournament\protected\views\layouts\column1.php(6): CBaseController->endContent()
#7 C:\xampp\htdocs\yii\framework\web\CBaseController.php(126): require('C:\\xampp\\htdocs...')
#8 C:\xampp\htdocs\yii\framework\web\CBaseController.php(95): CBaseController->renderInternal('C:\\xampp\\htdocs...', Array, true)
#9 C:\xampp\htdocs\yii\framework\web\CController.php(787): CBaseController->renderFile('C:\\xampp\\htdocs...', Array, true)
#10 C:\xampp\htdocs\cricketTournament\protected\controllers\SiteController.php(32): CController->render('index')
#11 C:\xampp\htdocs\yii\framework\web\actions\CInlineAction.php(49): SiteController->actionIndex()
#12 C:\xampp\htdocs\yii\framework\web\CController.php(308): CInlineAction->runWithParams(Array)
#13 C:\xampp\htdocs\yii\framework\web\CController.php(286): CController->runAction(Object(CInlineAction))
#14 C:\xampp\htdocs\yii\framework\web\CController.php(265): CController->runActionWithFilters(Object(CInlineAction), Array)
#15 C:\xampp\htdocs\yii\framework\web\CWebApplication.php(282): CController->run('')
#16 C:\xampp\htdocs\yii\framework\web\CWebApplication.php(141): CWebApplication->runController('')
#17 C:\xampp\htdocs\yii\framework\base\CApplication.php(185): CWebApplication->processRequest()
#18 C:\xampp\htdocs\cricketTournament\index.php(13): CApplication->run()
#19 {main}
REQUEST_URI=/cricketTournament/
---
2018/07/12 10:27:09 [error] [exception.ParseError] ParseError: syntax error, unexpected ':', expecting ',' or ';' in C:\xampp\htdocs\cricketTournament\protected\views\layouts\main.php:29
Stack trace:
#0 C:\xampp\htdocs\yii\framework\web\CBaseController.php(95): CBaseController->renderInternal('C:\\xampp\\htdocs...', Array, true)
#1 C:\xampp\htdocs\yii\framework\web\widgets\CContentDecorator.php(76): CBaseController->renderFile('C:\\xampp\\htdocs...', Array, true)
#2 C:\xampp\htdocs\yii\framework\web\widgets\CContentDecorator.php(54): CContentDecorator->decorate('<div id="conten...')
#3 C:\xampp\htdocs\yii\framework\web\widgets\COutputProcessor.php(44): CContentDecorator->processOutput('<div id="conten...')
#4 C:\xampp\htdocs\yii\framework\web\CBaseController.php(215): COutputProcessor->run()
#5 C:\xampp\htdocs\yii\framework\web\CBaseController.php(309): CBaseController->endWidget('CContentDecorat...')
#6 C:\xampp\htdocs\cricketTournament\protected\views\layouts\column1.php(6): CBaseController->endContent()
#7 C:\xampp\htdocs\yii\framework\web\CBaseController.php(126): require('C:\\xampp\\htdocs...')
#8 C:\xampp\htdocs\yii\framework\web\CBaseController.php(95): CBaseController->renderInternal('C:\\xampp\\htdocs...', Array, true)
#9 C:\xampp\htdocs\yii\framework\web\CController.php(787): CBaseController->renderFile('C:\\xampp\\htdocs...', Array, true)
#10 C:\xampp\htdocs\cricketTournament\protected\controllers\SiteController.php(32): CController->render('index')
#11 C:\xampp\htdocs\yii\framework\web\actions\CInlineAction.php(49): SiteController->actionIndex()
#12 C:\xampp\htdocs\yii\framework\web\CController.php(308): CInlineAction->runWithParams(Array)
#13 C:\xampp\htdocs\yii\framework\web\CController.php(286): CController->runAction(Object(CInlineAction))
#14 C:\xampp\htdocs\yii\framework\web\CController.php(265): CController->runActionWithFilters(Object(CInlineAction), Array)
#15 C:\xampp\htdocs\yii\framework\web\CWebApplication.php(282): CController->run('')
#16 C:\xampp\htdocs\yii\framework\web\CWebApplication.php(141): CWebApplication->runController('')
#17 C:\xampp\htdocs\yii\framework\base\CApplication.php(185): CWebApplication->processRequest()
#18 C:\xampp\htdocs\cricketTournament\index.php(13): CApplication->run()
#19 {main}
REQUEST_URI=/cricketTournament/
---
2018/07/12 10:49:33 [error] [exception.CException] CException: Alias "gii.GiiModule" is invalid. Make sure it points to an existing PHP file and the file is readable. in C:\xampp\htdocs\yii\framework\YiiBase.php:330
Stack trace:
#0 C:\xampp\htdocs\yii\framework\YiiBase.php(204): YiiBase::import('gii.GiiModule', true)
#1 C:\xampp\htdocs\yii\framework\base\CModule.php(282): YiiBase::createComponent(Array, 'gii', NULL, Array)
#2 C:\xampp\htdocs\yii\framework\web\CWebApplication.php(337): CModule->getModule('gii')
#3 C:\xampp\htdocs\yii\framework\web\CWebApplication.php(276): CWebApplication->createController('')
#4 C:\xampp\htdocs\yii\framework\web\CWebApplication.php(141): CWebApplication->runController('gii')
#5 C:\xampp\htdocs\yii\framework\base\CApplication.php(185): CWebApplication->processRequest()
#6 C:\xampp\htdocs\cricketTournament\index.php(13): CApplication->run()
#7 {main}
REQUEST_URI=/cricketTournament/index.php?r=gii
---
2018/07/12 10:51:19 [error] [exception.CException] CException: Alias "gii.GiiModule" is invalid. Make sure it points to an existing PHP file and the file is readable. in C:\xampp\htdocs\yii\framework\YiiBase.php:330
Stack trace:
#0 C:\xampp\htdocs\yii\framework\YiiBase.php(204): YiiBase::import('gii.GiiModule', true)
#1 C:\xampp\htdocs\yii\framework\base\CModule.php(282): YiiBase::createComponent(Array, 'gii', NULL, Array)
#2 C:\xampp\htdocs\yii\framework\web\CWebApplication.php(337): CModule->getModule('gii')
#3 C:\xampp\htdocs\yii\framework\web\CWebApplication.php(276): CWebApplication->createController('')
#4 C:\xampp\htdocs\yii\framework\web\CWebApplication.php(141): CWebApplication->runController('gii')
#5 C:\xampp\htdocs\yii\framework\base\CApplication.php(185): CWebApplication->processRequest()
#6 C:\xampp\htdocs\cricketTournament\index.php(13): CApplication->run()
#7 {main}
REQUEST_URI=/cricketTournament/index.php?r=gii
---
2018/07/12 10:59:13 [error] [exception.CException] CException: Alias "gii.GiiModule" is invalid. Make sure it points to an existing PHP file and the file is readable. in C:\xampp\htdocs\yii\framework\YiiBase.php:330
Stack trace:
#0 C:\xampp\htdocs\yii\framework\YiiBase.php(204): YiiBase::import('gii.GiiModule', true)
#1 C:\xampp\htdocs\yii\framework\base\CModule.php(282): YiiBase::createComponent(Array, 'gii', NULL, Array)
#2 C:\xampp\htdocs\yii\framework\web\CWebApplication.php(337): CModule->getModule('gii')
#3 C:\xampp\htdocs\yii\framework\web\CWebApplication.php(276): CWebApplication->createController('')
#4 C:\xampp\htdocs\yii\framework\web\CWebApplication.php(141): CWebApplication->runController('gii')
#5 C:\xampp\htdocs\yii\framework\base\CApplication.php(185): CWebApplication->processRequest()
#6 C:\xampp\htdocs\cricketTournament\index.php(13): CApplication->run()
#7 {main}
REQUEST_URI=/cricketTournament/index.php?r=gii
---
2018/07/12 10:59:14 [error] [exception.CException] CException: Alias "gii.GiiModule" is invalid. Make sure it points to an existing PHP file and the file is readable. in C:\xampp\htdocs\yii\framework\YiiBase.php:330
Stack trace:
#0 C:\xampp\htdocs\yii\framework\YiiBase.php(204): YiiBase::import('gii.GiiModule', true)
#1 C:\xampp\htdocs\yii\framework\base\CModule.php(282): YiiBase::createComponent(Array, 'gii', NULL, Array)
#2 C:\xampp\htdocs\yii\framework\web\CWebApplication.php(337): CModule->getModule('gii')
#3 C:\xampp\htdocs\yii\framework\web\CWebApplication.php(276): CWebApplication->createController('')
#4 C:\xampp\htdocs\yii\framework\web\CWebApplication.php(141): CWebApplication->runController('gii')
#5 C:\xampp\htdocs\yii\framework\base\CApplication.php(185): CWebApplication->processRequest()
#6 C:\xampp\htdocs\cricketTournament\index.php(13): CApplication->run()
#7 {main}
REQUEST_URI=/cricketTournament/index.php?r=gii
---
2018/07/12 10:59:14 [error] [exception.CException] CException: Alias "gii.GiiModule" is invalid. Make sure it points to an existing PHP file and the file is readable. in C:\xampp\htdocs\yii\framework\YiiBase.php:330
Stack trace:
#0 C:\xampp\htdocs\yii\framework\YiiBase.php(204): YiiBase::import('gii.GiiModule', true)
#1 C:\xampp\htdocs\yii\framework\base\CModule.php(282): YiiBase::createComponent(Array, 'gii', NULL, Array)
#2 C:\xampp\htdocs\yii\framework\web\CWebApplication.php(337): CModule->getModule('gii')
#3 C:\xampp\htdocs\yii\framework\web\CWebApplication.php(276): CWebApplication->createController('')
#4 C:\xampp\htdocs\yii\framework\web\CWebApplication.php(141): CWebApplication->runController('gii')
#5 C:\xampp\htdocs\yii\framework\base\CApplication.php(185): CWebApplication->processRequest()
#6 C:\xampp\htdocs\cricketTournament\index.php(13): CApplication->run()
#7 {main}
REQUEST_URI=/cricketTournament/index.php?r=gii
---
2018/07/12 10:59:14 [error] [exception.CException] CException: Alias "gii.GiiModule" is invalid. Make sure it points to an existing PHP file and the file is readable. in C:\xampp\htdocs\yii\framework\YiiBase.php:330
Stack trace:
#0 C:\xampp\htdocs\yii\framework\YiiBase.php(204): YiiBase::import('gii.GiiModule', true)
#1 C:\xampp\htdocs\yii\framework\base\CModule.php(282): YiiBase::createComponent(Array, 'gii', NULL, Array)
#2 C:\xampp\htdocs\yii\framework\web\CWebApplication.php(337): CModule->getModule('gii')
#3 C:\xampp\htdocs\yii\framework\web\CWebApplication.php(276): CWebApplication->createController('')
#4 C:\xampp\htdocs\yii\framework\web\CWebApplication.php(141): CWebApplication->runController('gii')
#5 C:\xampp\htdocs\yii\framework\base\CApplication.php(185): CWebApplication->processRequest()
#6 C:\xampp\htdocs\cricketTournament\index.php(13): CApplication->run()
#7 {main}
REQUEST_URI=/cricketTournament/index.php?r=gii
---
2018/07/12 10:59:14 [error] [exception.CException] CException: Alias "gii.GiiModule" is invalid. Make sure it points to an existing PHP file and the file is readable. in C:\xampp\htdocs\yii\framework\YiiBase.php:330
Stack trace:
#0 C:\xampp\htdocs\yii\framework\YiiBase.php(204): YiiBase::import('gii.GiiModule', true)
#1 C:\xampp\htdocs\yii\framework\base\CModule.php(282): YiiBase::createComponent(Array, 'gii', NULL, Array)
#2 C:\xampp\htdocs\yii\framework\web\CWebApplication.php(337): CModule->getModule('gii')
#3 C:\xampp\htdocs\yii\framework\web\CWebApplication.php(276): CWebApplication->createController('')
#4 C:\xampp\htdocs\yii\framework\web\CWebApplication.php(141): CWebApplication->runController('gii')
#5 C:\xampp\htdocs\yii\framework\base\CApplication.php(185): CWebApplication->processRequest()
#6 C:\xampp\htdocs\cricketTournament\index.php(13): CApplication->run()
#7 {main}
REQUEST_URI=/cricketTournament/index.php?r=gii
---
2018/07/12 13:34:55 [error] [php] Trying to get property of non-object (C:\xampp\htdocs\cricketTournament\protected\views\layouts\main.php:8)
Stack trace:
#0 C:\xampp\htdocs\yii\framework\web\widgets\CContentDecorator.php(76): SiteController->renderFile()
#1 C:\xampp\htdocs\yii\framework\web\widgets\CContentDecorator.php(54): CContentDecorator->decorate()
#2 C:\xampp\htdocs\yii\framework\web\widgets\COutputProcessor.php(44): CContentDecorator->processOutput()
#3 C:\xampp\htdocs\yii\framework\web\CBaseController.php(215): CContentDecorator->run()
#4 C:\xampp\htdocs\yii\framework\web\CBaseController.php(309): SiteController->endWidget()
#5 C:\xampp\htdocs\cricketTournament\protected\views\layouts\column1.php(6): SiteController->endContent()
#6 C:\xampp\htdocs\yii\framework\web\CBaseController.php(126): require()
#7 C:\xampp\htdocs\yii\framework\web\CBaseController.php(95): SiteController->renderInternal()
#8 C:\xampp\htdocs\yii\framework\web\CController.php(787): SiteController->renderFile()
#9 C:\xampp\htdocs\cricketTournament\protected\controllers\SiteController.php(32): SiteController->render()
#10 C:\xampp\htdocs\yii\framework\web\actions\CInlineAction.php(49): SiteController->actionIndex()
#11 C:\xampp\htdocs\yii\framework\web\CController.php(308): CInlineAction->runWithParams()
#12 C:\xampp\htdocs\yii\framework\web\CController.php(286): SiteController->runAction()
#13 C:\xampp\htdocs\yii\framework\web\CController.php(265): SiteController->runActionWithFilters()
#14 C:\xampp\htdocs\yii\framework\web\CWebApplication.php(282): SiteController->run()
#15 C:\xampp\htdocs\yii\framework\web\CWebApplication.php(141): CWebApplication->runController()
#16 C:\xampp\htdocs\yii\framework\base\CApplication.php(185): CWebApplication->processRequest()
#17 C:\xampp\htdocs\cricketTournament\index.php(13): CWebApplication->run()
REQUEST_URI=/cricketTournament/
in C:\xampp\htdocs\cricketTournament\protected\views\layouts\main.php (8)
in C:\xampp\htdocs\cricketTournament\protected\views\layouts\column1.php (6)
in C:\xampp\htdocs\cricketTournament\protected\controllers\SiteController.php (32)
2018/07/12 13:36:38 [error] [exception.CHttpException.404] CHttpException: Unable to resolve the request "css/style.css". in C:\xampp\htdocs\yii\framework\web\CWebApplication.php:286
Stack trace:
#0 C:\xampp\htdocs\yii\framework\web\CWebApplication.php(141): CWebApplication->runController('css/style.css')
#1 C:\xampp\htdocs\yii\framework\base\CApplication.php(185): CWebApplication->processRequest()
#2 C:\xampp\htdocs\cricketTournament\index.php(13): CApplication->run()
#3 {main}
REQUEST_URI=/cricketTournament/css/style.css
HTTP_REFERER=http://localhost/cricketTournament/
---
2018/07/12 13:37:00 [error] [exception.CHttpException.404] CHttpException: Unable to resolve the request "css/style.css". in C:\xampp\htdocs\yii\framework\web\CWebApplication.php:286
Stack trace:
#0 C:\xampp\htdocs\yii\framework\web\CWebApplication.php(141): CWebApplication->runController('css/style.css')
#1 C:\xampp\htdocs\yii\framework\base\CApplication.php(185): CWebApplication->processRequest()
#2 C:\xampp\htdocs\cricketTournament\index.php(13): CApplication->run()
#3 {main}
REQUEST_URI=/cricketTournament/css/style.css
HTTP_REFERER=http://localhost/cricketTournament/
---
2018/07/12 14:22:15 [error] [php] Undefined variable: model (C:\xampp\htdocs\cricketTournament\protected\views\team\index.php:39)
Stack trace:
#0 C:\xampp\htdocs\yii\framework\web\CController.php(872): TeamController->renderFile()
#1 C:\xampp\htdocs\yii\framework\web\CController.php(785): TeamController->renderPartial()
#2 C:\xampp\htdocs\cricketTournament\protected\controllers\TeamController.php(127): TeamController->render()
#3 C:\xampp\htdocs\yii\framework\web\actions\CInlineAction.php(49): TeamController->actionIndex()
#4 C:\xampp\htdocs\yii\framework\web\CController.php(308): CInlineAction->runWithParams()
#5 C:\xampp\htdocs\yii\framework\web\filters\CFilterChain.php(134): TeamController->runAction()
#6 C:\xampp\htdocs\yii\framework\web\filters\CFilter.php(40): CFilterChain->run()
#7 C:\xampp\htdocs\yii\framework\web\CController.php(1148): CAccessControlFilter->filter()
#8 C:\xampp\htdocs\yii\framework\web\filters\CInlineFilter.php(58): TeamController->filterAccessControl()
#9 C:\xampp\htdocs\yii\framework\web\filters\CFilterChain.php(131): CInlineFilter->filter()
#10 C:\xampp\htdocs\yii\framework\web\CController.php(291): CFilterChain->run()
#11 C:\xampp\htdocs\yii\framework\web\CController.php(265): TeamController->runActionWithFilters()
#12 C:\xampp\htdocs\yii\framework\web\CWebApplication.php(282): TeamController->run()
#13 C:\xampp\htdocs\yii\framework\web\CWebApplication.php(141): CWebApplication->runController()
#14 C:\xampp\htdocs\yii\framework\base\CApplication.php(185): CWebApplication->processRequest()
#15 C:\xampp\htdocs\cricketTournament\index.php(13): CWebApplication->run()
REQUEST_URI=/cricketTournament/
in C:\xampp\htdocs\cricketTournament\protected\views\team\index.php (39)
in C:\xampp\htdocs\cricketTournament\protected\controllers\TeamController.php (127)
in C:\xampp\htdocs\cricketTournament\index.php (13)
2018/07/12 14:29:45 [error] [php] include(CounterColumn.php): failed to open stream: No such file or directory (C:\xampp\htdocs\yii\framework\YiiBase.php:463)
Stack trace:
#0 unknown(0): spl_autoload_call()
#1 C:\xampp\htdocs\yii\framework\YiiBase.php(310): class_exists()
#2 C:\xampp\htdocs\yii\framework\YiiBase.php(204): import()
#3 C:\xampp\htdocs\yii\framework\zii\widgets\grid\CGridView.php(388): createComponent()
#4 C:\xampp\htdocs\cricketTournament\protected\extensions\bootstrap\widgets\TbGridView.php(91): TbGridView->initColumns()
#5 C:\xampp\htdocs\yii\framework\zii\widgets\grid\CGridView.php(359): TbGridView->initColumns()
#6 C:\xampp\htdocs\cricketTournament\protected\extensions\bootstrap\widgets\TbGridView.php(49): TbGridView->init()
#7 C:\xampp\htdocs\yii\framework\web\CBaseController.php(147): TbGridView->init()
#8 C:\xampp\htdocs\yii\framework\web\CBaseController.php(181): TeamController->createWidget()
#9 C:\xampp\htdocs\cricketTournament\protected\views\team\index.php(31): TeamController->widget()
#10 C:\xampp\htdocs\yii\framework\web\CBaseController.php(126): require()
#11 C:\xampp\htdocs\yii\framework\web\CBaseController.php(95): TeamController->renderInternal()
#12 C:\xampp\htdocs\yii\framework\web\CController.php(872): TeamController->renderFile()
#13 C:\xampp\htdocs\yii\framework\web\CController.php(785): TeamController->renderPartial()
#14 C:\xampp\htdocs\cricketTournament\protected\controllers\TeamController.php(131): TeamController->render()
#15 C:\xampp\htdocs\yii\framework\web\actions\CInlineAction.php(49): TeamController->actionIndex()
#16 C:\xampp\htdocs\yii\framework\web\CController.php(308): CInlineAction->runWithParams()
#17 C:\xampp\htdocs\yii\framework\web\filters\CFilterChain.php(134): TeamController->runAction()
#18 C:\xampp\htdocs\yii\framework\web\filters\CFilter.php(40): CFilterChain->run()
#19 C:\xampp\htdocs\yii\framework\web\CController.php(1148): CAccessControlFilter->filter()
#20 C:\xampp\htdocs\yii\framework\web\filters\CInlineFilter.php(58): TeamController->filterAccessControl()
#21 C:\xampp\htdocs\yii\framework\web\filters\CFilterChain.php(131): CInlineFilter->filter()
#22 C:\xampp\htdocs\yii\framework\web\CController.php(291): CFilterChain->run()
#23 C:\xampp\htdocs\yii\framework\web\CController.php(265): TeamController->runActionWithFilters()
#24 C:\xampp\htdocs\yii\framework\web\CWebApplication.php(282): TeamController->run()
#25 C:\xampp\htdocs\yii\framework\web\CWebApplication.php(141): CWebApplication->runController()
#26 C:\xampp\htdocs\yii\framework\base\CApplication.php(185): CWebApplication->processRequest()
#27 C:\xampp\htdocs\cricketTournament\index.php(13): CWebApplication->run()
REQUEST_URI=/cricketTournament/
in C:\xampp\htdocs\cricketTournament\protected\extensions\bootstrap\widgets\TbGridView.php (91)
in C:\xampp\htdocs\cricketTournament\protected\extensions\bootstrap\widgets\TbGridView.php (49)
in C:\xampp\htdocs\cricketTournament\protected\views\team\index.php (31)
2018/07/12 14:40:44 [error] [php] Undefined variable: assetsDir (C:\xampp\htdocs\cricketTournament\protected\views\team\index.php:27)
Stack trace:
#0 C:\xampp\htdocs\yii\framework\web\CController.php(872): TeamController->renderFile()
#1 C:\xampp\htdocs\yii\framework\web\CController.php(785): TeamController->renderPartial()
#2 C:\xampp\htdocs\cricketTournament\protected\controllers\TeamController.php(131): TeamController->render()
#3 C:\xampp\htdocs\yii\framework\web\actions\CInlineAction.php(49): TeamController->actionIndex()
#4 C:\xampp\htdocs\yii\framework\web\CController.php(308): CInlineAction->runWithParams()
#5 C:\xampp\htdocs\yii\framework\web\filters\CFilterChain.php(134): TeamController->runAction()
#6 C:\xampp\htdocs\yii\framework\web\filters\CFilter.php(40): CFilterChain->run()
#7 C:\xampp\htdocs\yii\framework\web\CController.php(1148): CAccessControlFilter->filter()
#8 C:\xampp\htdocs\yii\framework\web\filters\CInlineFilter.php(58): TeamController->filterAccessControl()
#9 C:\xampp\htdocs\yii\framework\web\filters\CFilterChain.php(131): CInlineFilter->filter()
#10 C:\xampp\htdocs\yii\framework\web\CController.php(291): CFilterChain->run()
#11 C:\xampp\htdocs\yii\framework\web\CController.php(265): TeamController->runActionWithFilters()
#12 C:\xampp\htdocs\yii\framework\web\CWebApplication.php(282): TeamController->run()
#13 C:\xampp\htdocs\yii\framework\web\CWebApplication.php(141): CWebApplication->runController()
#14 C:\xampp\htdocs\yii\framework\base\CApplication.php(185): CWebApplication->processRequest()
#15 C:\xampp\htdocs\cricketTournament\index.php(13): CWebApplication->run()
REQUEST_URI=/cricketTournament/
in C:\xampp\htdocs\cricketTournament\protected\views\team\index.php (27)
in C:\xampp\htdocs\cricketTournament\protected\controllers\TeamController.php (131)
in C:\xampp\htdocs\cricketTournament\index.php (13)
2018/07/12 14:41:08 [error] [php] Division by zero (C:\xampp\htdocs\cricketTournament\protected\views\team\index.php:27)
Stack trace:
#0 C:\xampp\htdocs\yii\framework\web\CController.php(872): TeamController->renderFile()
#1 C:\xampp\htdocs\yii\framework\web\CController.php(785): TeamController->renderPartial()
#2 C:\xampp\htdocs\cricketTournament\protected\controllers\TeamController.php(131): TeamController->render()
#3 C:\xampp\htdocs\yii\framework\web\actions\CInlineAction.php(49): TeamController->actionIndex()
#4 C:\xampp\htdocs\yii\framework\web\CController.php(308): CInlineAction->runWithParams()
#5 C:\xampp\htdocs\yii\framework\web\filters\CFilterChain.php(134): TeamController->runAction()
#6 C:\xampp\htdocs\yii\framework\web\filters\CFilter.php(40): CFilterChain->run()
#7 C:\xampp\htdocs\yii\framework\web\CController.php(1148): CAccessControlFilter->filter()
#8 C:\xampp\htdocs\yii\framework\web\filters\CInlineFilter.php(58): TeamController->filterAccessControl()
#9 C:\xampp\htdocs\yii\framework\web\filters\CFilterChain.php(131): CInlineFilter->filter()
#10 C:\xampp\htdocs\yii\framework\web\CController.php(291): CFilterChain->run()
#11 C:\xampp\htdocs\yii\framework\web\CController.php(265): TeamController->runActionWithFilters()
#12 C:\xampp\htdocs\yii\framework\web\CWebApplication.php(282): TeamController->run()
#13 C:\xampp\htdocs\yii\framework\web\CWebApplication.php(141): CWebApplication->runController()
#14 C:\xampp\htdocs\yii\framework\base\CApplication.php(185): CWebApplication->processRequest()
#15 C:\xampp\htdocs\cricketTournament\index.php(13): CWebApplication->run()
REQUEST_URI=/cricketTournament/
in C:\xampp\htdocs\cricketTournament\protected\views\team\index.php (27)
in C:\xampp\htdocs\cricketTournament\protected\controllers\TeamController.php (131)
in C:\xampp\htdocs\cricketTournament\index.php (13)
2018/07/12 14:41:18 [error] [exception.CException] CException: The asset "csk.png" to be published does not exist. in C:\xampp\htdocs\yii\framework\web\CAssetManager.php:257
Stack trace:
#0 C:\xampp\htdocs\yii\framework\base\CComponent.php(614) : eval()'d code(1): CAssetManager->publish('csk.png')
#1 C:\xampp\htdocs\yii\framework\base\CComponent.php(614): eval()
#2 C:\xampp\htdocs\yii\framework\zii\widgets\grid\CDataColumn.php(142): CComponent->evaluateExpression('(!empty($data->...', Array)
#3 C:\xampp\htdocs\yii\framework\zii\widgets\grid\CGridColumn.php(231): CDataColumn->getDataCellContent(0)
#4 C:\xampp\htdocs\yii\framework\zii\widgets\grid\CGridColumn.php(154): CGridColumn->renderDataCellContent(0, Object(Team))
#5 C:\xampp\htdocs\yii\framework\zii\widgets\grid\CGridView.php(639): CGridColumn->renderDataCell(0)
#6 C:\xampp\htdocs\yii\framework\zii\widgets\grid\CGridView.php(623): CGridView->renderDataCell(Object(TbDataColumn), 0)
#7 C:\xampp\htdocs\yii\framework\zii\widgets\grid\CGridView.php(579): CGridView->renderTableRow(0)
#8 C:\xampp\htdocs\yii\framework\zii\widgets\grid\CGridView.php(489): CGridView->renderTableBody()
#9 C:\xampp\htdocs\yii\framework\zii\widgets\CBaseListView.php(181): CGridView->renderItems()
#10 [internal function]: CBaseListView->renderSection(Array)
#11 C:\xampp\htdocs\yii\framework\zii\widgets\CBaseListView.php(164): preg_replace_callback('/{(\\w+)}/', Array, '{summary}\n{item...')
#12 C:\xampp\htdocs\yii\framework\zii\widgets\CBaseListView.php(149): CBaseListView->renderContent()
#13 C:\xampp\htdocs\yii\framework\web\CBaseController.php(182): CBaseListView->run()
#14 C:\xampp\htdocs\cricketTournament\protected\views\team\index.php(14): CBaseController->widget('bootstrap.widge...', Array)
#15 C:\xampp\htdocs\yii\framework\web\CBaseController.php(126): require('C:\\xampp\\htdocs...')
#16 C:\xampp\htdocs\yii\framework\web\CBaseController.php(95): CBaseController->renderInternal('C:\\xampp\\htdocs...', Array, true)
#17 C:\xampp\htdocs\yii\framework\web\CController.php(872): CBaseController->renderFile('C:\\xampp\\htdocs...', Array, true)
#18 C:\xampp\htdocs\yii\framework\web\CController.php(785): CController->renderPartial('index', Array, true)
#19 C:\xampp\htdocs\cricketTournament\protected\controllers\TeamController.php(131): CController->render('index', Array)
#20 C:\xampp\htdocs\yii\framework\web\actions\CInlineAction.php(49): TeamController->actionIndex()
#21 C:\xampp\htdocs\yii\framework\web\CController.php(308): CInlineAction->runWithParams(Array)
#22 C:\xampp\htdocs\yii\framework\web\filters\CFilterChain.php(134): CController->runAction(Object(CInlineAction))
#23 C:\xampp\htdocs\yii\framework\web\filters\CFilter.php(40): CFilterChain->run()
#24 C:\xampp\htdocs\yii\framework\web\CController.php(1148): CFilter->filter(Object(CFilterChain))
#25 C:\xampp\htdocs\yii\framework\web\filters\CInlineFilter.php(58): CController->filterAccessControl(Object(CFilterChain))
#26 C:\xampp\htdocs\yii\framework\web\filters\CFilterChain.php(131): CInlineFilter->filter(Object(CFilterChain))
#27 C:\xampp\htdocs\yii\framework\web\CController.php(291): CFilterChain->run()
#28 C:\xampp\htdocs\yii\framework\web\CController.php(265): CController->runActionWithFilters(Object(CInlineAction), Array)
#29 C:\xampp\htdocs\yii\framework\web\CWebApplication.php(282): CController->run('')
#30 C:\xampp\htdocs\yii\framework\web\CWebApplication.php(141): CWebApplication->runController('')
#31 C:\xampp\htdocs\yii\framework\base\CApplication.php(185): CWebApplication->processRequest()
#32 C:\xampp\htdocs\cricketTournament\index.php(13): CApplication->run()
#33 {main}
REQUEST_URI=/cricketTournament/
---
2018/07/12 14:41:44 [error] [exception.ParseError] ParseError: syntax error, unexpected 'themes' (T_STRING), expecting ')' in C:\xampp\htdocs\cricketTournament\protected\views\team\index.php:27
Stack trace:
#0 C:\xampp\htdocs\yii\framework\web\CBaseController.php(95): CBaseController->renderInternal('C:\\xampp\\htdocs...', Array, true)
#1 C:\xampp\htdocs\yii\framework\web\CController.php(872): CBaseController->renderFile('C:\\xampp\\htdocs...', Array, true)
#2 C:\xampp\htdocs\yii\framework\web\CController.php(785): CController->renderPartial('index', Array, true)
#3 C:\xampp\htdocs\cricketTournament\protected\controllers\TeamController.php(131): CController->render('index', Array)
#4 C:\xampp\htdocs\yii\framework\web\actions\CInlineAction.php(49): TeamController->actionIndex()
#5 C:\xampp\htdocs\yii\framework\web\CController.php(308): CInlineAction->runWithParams(Array)
#6 C:\xampp\htdocs\yii\framework\web\filters\CFilterChain.php(134): CController->runAction(Object(CInlineAction))
#7 C:\xampp\htdocs\yii\framework\web\filters\CFilter.php(40): CFilterChain->run()
#8 C:\xampp\htdocs\yii\framework\web\CController.php(1148): CFilter->filter(Object(CFilterChain))
#9 C:\xampp\htdocs\yii\framework\web\filters\CInlineFilter.php(58): CController->filterAccessControl(Object(CFilterChain))
#10 C:\xampp\htdocs\yii\framework\web\filters\CFilterChain.php(131): CInlineFilter->filter(Object(CFilterChain))
#11 C:\xampp\htdocs\yii\framework\web\CController.php(291): CFilterChain->run()
#12 C:\xampp\htdocs\yii\framework\web\CController.php(265): CController->runActionWithFilters(Object(CInlineAction), Array)
#13 C:\xampp\htdocs\yii\framework\web\CWebApplication.php(282): CController->run('')
#14 C:\xampp\htdocs\yii\framework\web\CWebApplication.php(141): CWebApplication->runController('')
#15 C:\xampp\htdocs\yii\framework\base\CApplication.php(185): CWebApplication->processRequest()
#16 C:\xampp\htdocs\cricketTournament\index.php(13): CApplication->run()
#17 {main}
REQUEST_URI=/cricketTournament/
---
2018/07/12 14:43:59 [error] [php] Undefined variable: assetsDir (C:\xampp\htdocs\cricketTournament\protected\views\team\index.php:4)
Stack trace:
#0 C:\xampp\htdocs\yii\framework\web\CController.php(872): TeamController->renderFile()
#1 C:\xampp\htdocs\yii\framework\web\CController.php(785): TeamController->renderPartial()
#2 C:\xampp\htdocs\cricketTournament\protected\controllers\TeamController.php(131): TeamController->render()
#3 C:\xampp\htdocs\yii\framework\web\actions\CInlineAction.php(49): TeamController->actionIndex()
#4 C:\xampp\htdocs\yii\framework\web\CController.php(308): CInlineAction->runWithParams()
#5 C:\xampp\htdocs\yii\framework\web\filters\CFilterChain.php(134): TeamController->runAction()
#6 C:\xampp\htdocs\yii\framework\web\filters\CFilter.php(40): CFilterChain->run()
#7 C:\xampp\htdocs\yii\framework\web\CController.php(1148): CAccessControlFilter->filter()
#8 C:\xampp\htdocs\yii\framework\web\filters\CInlineFilter.php(58): TeamController->filterAccessControl()
#9 C:\xampp\htdocs\yii\framework\web\filters\CFilterChain.php(131): CInlineFilter->filter()
#10 C:\xampp\htdocs\yii\framework\web\CController.php(291): CFilterChain->run()
#11 C:\xampp\htdocs\yii\framework\web\CController.php(265): TeamController->runActionWithFilters()
#12 C:\xampp\htdocs\yii\framework\web\CWebApplication.php(282): TeamController->run()
#13 C:\xampp\htdocs\yii\framework\web\CWebApplication.php(141): CWebApplication->runController()
#14 C:\xampp\htdocs\yii\framework\base\CApplication.php(185): CWebApplication->processRequest()
#15 C:\xampp\htdocs\cricketTournament\index.php(13): CWebApplication->run()
REQUEST_URI=/cricketTournament/
in C:\xampp\htdocs\cricketTournament\protected\views\team\index.php (4)
in C:\xampp\htdocs\cricketTournament\protected\controllers\TeamController.php (131)
in C:\xampp\htdocs\cricketTournament\index.php (13)
2018/07/12 14:44:06 [error] [php] Undefined variable: assetsDir (C:\xampp\htdocs\cricketTournament\protected\views\team\index.php:4)
Stack trace:
#0 C:\xampp\htdocs\yii\framework\web\CController.php(872): TeamController->renderFile()
#1 C:\xampp\htdocs\yii\framework\web\CController.php(785): TeamController->renderPartial()
#2 C:\xampp\htdocs\cricketTournament\protected\controllers\TeamController.php(131): TeamController->render()
#3 C:\xampp\htdocs\yii\framework\web\actions\CInlineAction.php(49): TeamController->actionIndex()
#4 C:\xampp\htdocs\yii\framework\web\CController.php(308): CInlineAction->runWithParams()
#5 C:\xampp\htdocs\yii\framework\web\filters\CFilterChain.php(134): TeamController->runAction()
#6 C:\xampp\htdocs\yii\framework\web\filters\CFilter.php(40): CFilterChain->run()
#7 C:\xampp\htdocs\yii\framework\web\CController.php(1148): CAccessControlFilter->filter()
#8 C:\xampp\htdocs\yii\framework\web\filters\CInlineFilter.php(58): TeamController->filterAccessControl()
#9 C:\xampp\htdocs\yii\framework\web\filters\CFilterChain.php(131): CInlineFilter->filter()
#10 C:\xampp\htdocs\yii\framework\web\CController.php(291): CFilterChain->run()
#11 C:\xampp\htdocs\yii\framework\web\CController.php(265): TeamController->runActionWithFilters()
#12 C:\xampp\htdocs\yii\framework\web\CWebApplication.php(282): TeamController->run()
#13 C:\xampp\htdocs\yii\framework\web\CWebApplication.php(141): CWebApplication->runController()
#14 C:\xampp\htdocs\yii\framework\base\CApplication.php(185): CWebApplication->processRequest()
#15 C:\xampp\htdocs\cricketTournament\index.php(13): CWebApplication->run()
REQUEST_URI=/cricketTournament/
in C:\xampp\htdocs\cricketTournament\protected\views\team\index.php (4)
in C:\xampp\htdocs\cricketTournament\protected\controllers\TeamController.php (131)
in C:\xampp\htdocs\cricketTournament\index.php (13)
2018/07/12 14:45:26 [error] [php] Undefined variable: themesDir (C:\xampp\htdocs\cricketTournament\protected\views\team\index.php:29)
Stack trace:
#0 C:\xampp\htdocs\yii\framework\web\CController.php(872): TeamController->renderFile()
#1 C:\xampp\htdocs\yii\framework\web\CController.php(785): TeamController->renderPartial()
#2 C:\xampp\htdocs\cricketTournament\protected\controllers\TeamController.php(131): TeamController->render()
#3 C:\xampp\htdocs\yii\framework\web\actions\CInlineAction.php(49): TeamController->actionIndex()
#4 C:\xampp\htdocs\yii\framework\web\CController.php(308): CInlineAction->runWithParams()
#5 C:\xampp\htdocs\yii\framework\web\filters\CFilterChain.php(134): TeamController->runAction()
#6 C:\xampp\htdocs\yii\framework\web\filters\CFilter.php(40): CFilterChain->run()
#7 C:\xampp\htdocs\yii\framework\web\CController.php(1148): CAccessControlFilter->filter()
#8 C:\xampp\htdocs\yii\framework\web\filters\CInlineFilter.php(58): TeamController->filterAccessControl()
#9 C:\xampp\htdocs\yii\framework\web\filters\CFilterChain.php(131): CInlineFilter->filter()
#10 C:\xampp\htdocs\yii\framework\web\CController.php(291): CFilterChain->run()
#11 C:\xampp\htdocs\yii\framework\web\CController.php(265): TeamController->runActionWithFilters()
#12 C:\xampp\htdocs\yii\framework\web\CWebApplication.php(282): TeamController->run()
#13 C:\xampp\htdocs\yii\framework\web\CWebApplication.php(141): CWebApplication->runController()
#14 C:\xampp\htdocs\yii\framework\base\CApplication.php(185): CWebApplication->processRequest()
#15 C:\xampp\htdocs\cricketTournament\index.php(13): CWebApplication->run()
REQUEST_URI=/cricketTournament/
in C:\xampp\htdocs\cricketTournament\protected\views\team\index.php (29)
in C:\xampp\htdocs\cricketTournament\protected\controllers\TeamController.php (131)
in C:\xampp\htdocs\cricketTournament\index.php (13)
2018/07/12 14:50:41 [error] [php] Object of class Team could not be converted to string (C:\xampp\htdocs\yii\framework\base\CComponent.php(614) : eval()'d code:1)
Stack trace:
#0 C:\xampp\htdocs\yii\framework\zii\widgets\grid\CGridColumn.php(231): TbDataColumn->getDataCellContent()
#1 C:\xampp\htdocs\yii\framework\zii\widgets\grid\CGridColumn.php(154): TbDataColumn->renderDataCellContent()
#2 C:\xampp\htdocs\yii\framework\zii\widgets\grid\CGridView.php(639): TbDataColumn->renderDataCell()
#3 C:\xampp\htdocs\yii\framework\zii\widgets\grid\CGridView.php(623): TbGridView->renderDataCell()
#4 C:\xampp\htdocs\yii\framework\zii\widgets\grid\CGridView.php(579): TbGridView->renderTableRow()
#5 C:\xampp\htdocs\yii\framework\zii\widgets\grid\CGridView.php(489): TbGridView->renderTableBody()
#6 C:\xampp\htdocs\yii\framework\zii\widgets\CBaseListView.php(181): TbGridView->renderItems()
#7 unknown(0): TbGridView->renderSection()
#8 C:\xampp\htdocs\yii\framework\zii\widgets\CBaseListView.php(164): preg_replace_callback()
#9 C:\xampp\htdocs\yii\framework\zii\widgets\CBaseListView.php(149): TbGridView->renderContent()
#10 C:\xampp\htdocs\yii\framework\web\CBaseController.php(182): TbGridView->run()
#11 C:\xampp\htdocs\cricketTournament\protected\views\team\index.php(16): TeamController->widget()
#12 C:\xampp\htdocs\yii\framework\web\CBaseController.php(126): require()
#13 C:\xampp\htdocs\yii\framework\web\CBaseController.php(95): TeamController->renderInternal()
#14 C:\xampp\htdocs\yii\framework\web\CController.php(872): TeamController->renderFile()
#15 C:\xampp\htdocs\yii\framework\web\CController.php(785): TeamController->renderPartial()
#16 C:\xampp\htdocs\cricketTournament\protected\controllers\TeamController.php(131): TeamController->render()
#17 C:\xampp\htdocs\yii\framework\web\actions\CInlineAction.php(49): TeamController->actionIndex()
#18 C:\xampp\htdocs\yii\framework\web\CController.php(308): CInlineAction->runWithParams()
#19 C:\xampp\htdocs\yii\framework\web\filters\CFilterChain.php(134): TeamController->runAction()
#20 C:\xampp\htdocs\yii\framework\web\filters\CFilter.php(40): CFilterChain->run()
#21 C:\xampp\htdocs\yii\framework\web\CController.php(1148): CAccessControlFilter->filter()
#22 C:\xampp\htdocs\yii\framework\web\filters\CInlineFilter.php(58): TeamController->filterAccessControl()
#23 C:\xampp\htdocs\yii\framework\web\filters\CFilterChain.php(131): CInlineFilter->filter()
#24 C:\xampp\htdocs\yii\framework\web\CController.php(291): CFilterChain->run()
#25 C:\xampp\htdocs\yii\framework\web\CController.php(265): TeamController->runActionWithFilters()
#26 C:\xampp\htdocs\yii\framework\web\CWebApplication.php(282): TeamController->run()
#27 C:\xampp\htdocs\yii\framework\web\CWebApplication.php(141): CWebApplication->runController()
#28 C:\xampp\htdocs\yii\framework\base\CApplication.php(185): CWebApplication->processRequest()
#29 C:\xampp\htdocs\cricketTournament\index.php(13): CWebApplication->run()
REQUEST_URI=/cricketTournament/
in C:\xampp\htdocs\cricketTournament\protected\views\team\index.php (16)
in C:\xampp\htdocs\cricketTournament\protected\controllers\TeamController.php (131)
in C:\xampp\htdocs\cricketTournament\index.php (13)
2018/07/12 14:52:12 [error] [php] Object of class Team could not be converted to string (C:\xampp\htdocs\yii\framework\base\CComponent.php(614) : eval()'d code:1)
Stack trace:
#0 C:\xampp\htdocs\yii\framework\zii\widgets\grid\CGridColumn.php(231): TbDataColumn->getDataCellContent()
#1 C:\xampp\htdocs\yii\framework\zii\widgets\grid\CGridColumn.php(154): TbDataColumn->renderDataCellContent()
#2 C:\xampp\htdocs\yii\framework\zii\widgets\grid\CGridView.php(639): TbDataColumn->renderDataCell()
#3 C:\xampp\htdocs\yii\framework\zii\widgets\grid\CGridView.php(623): TbGridView->renderDataCell()
#4 C:\xampp\htdocs\yii\framework\zii\widgets\grid\CGridView.php(579): TbGridView->renderTableRow()
#5 C:\xampp\htdocs\yii\framework\zii\widgets\grid\CGridView.php(489): TbGridView->renderTableBody()
#6 C:\xampp\htdocs\yii\framework\zii\widgets\CBaseListView.php(181): TbGridView->renderItems()
#7 unknown(0): TbGridView->renderSection()
#8 C:\xampp\htdocs\yii\framework\zii\widgets\CBaseListView.php(164): preg_replace_callback()
#9 C:\xampp\htdocs\yii\framework\zii\widgets\CBaseListView.php(149): TbGridView->renderContent()
#10 C:\xampp\htdocs\yii\framework\web\CBaseController.php(182): TbGridView->run()
#11 C:\xampp\htdocs\cricketTournament\protected\views\team\index.php(16): TeamController->widget()
#12 C:\xampp\htdocs\yii\framework\web\CBaseController.php(126): require()
#13 C:\xampp\htdocs\yii\framework\web\CBaseController.php(95): TeamController->renderInternal()
#14 C:\xampp\htdocs\yii\framework\web\CController.php(872): TeamController->renderFile()
#15 C:\xampp\htdocs\yii\framework\web\CController.php(785): TeamController->renderPartial()
#16 C:\xampp\htdocs\cricketTournament\protected\controllers\TeamController.php(131): TeamController->render()
#17 C:\xampp\htdocs\yii\framework\web\actions\CInlineAction.php(49): TeamController->actionIndex()
#18 C:\xampp\htdocs\yii\framework\web\CController.php(308): CInlineAction->runWithParams()
#19 C:\xampp\htdocs\yii\framework\web\filters\CFilterChain.php(134): TeamController->runAction()
#20 C:\xampp\htdocs\yii\framework\web\filters\CFilter.php(40): CFilterChain->run()
#21 C:\xampp\htdocs\yii\framework\web\CController.php(1148): CAccessControlFilter->filter()
#22 C:\xampp\htdocs\yii\framework\web\filters\CInlineFilter.php(58): TeamController->filterAccessControl()
#23 C:\xampp\htdocs\yii\framework\web\filters\CFilterChain.php(131): CInlineFilter->filter()
#24 C:\xampp\htdocs\yii\framework\web\CController.php(291): CFilterChain->run()
#25 C:\xampp\htdocs\yii\framework\web\CController.php(265): TeamController->runActionWithFilters()
#26 C:\xampp\htdocs\yii\framework\web\CWebApplication.php(282): TeamController->run()
#27 C:\xampp\htdocs\yii\framework\web\CWebApplication.php(141): CWebApplication->runController()
#28 C:\xampp\htdocs\yii\framework\base\CApplication.php(185): CWebApplication->processRequest()
#29 C:\xampp\htdocs\cricketTournament\index.php(13): CWebApplication->run()
REQUEST_URI=/cricketTournament/
in C:\xampp\htdocs\cricketTournament\protected\views\team\index.php (16)
in C:\xampp\htdocs\cricketTournament\protected\controllers\TeamController.php (131)
in C:\xampp\htdocs\cricketTournament\index.php (13)
2018/07/12 15:26:31 [error] [exception.CException] CException: Property "Team.banner_img" is not defined. in C:\xampp\htdocs\yii\framework\base\CComponent.php:130
Stack trace:
#0 C:\xampp\htdocs\yii\framework\db\ar\CActiveRecord.php(145): CComponent->__get('banner_img')
#1 C:\xampp\htdocs\yii\framework\web\helpers\CHtml.php(2760): CActiveRecord->__get('banner_img')
#2 C:\xampp\htdocs\yii\framework\web\helpers\CHtml.php(2483): CHtml::resolveValue(Object(Team), 'banner_img')
#3 C:\xampp\htdocs\yii\framework\web\helpers\CHtml.php(1540): CHtml::activeInputField('text', Object(Team), 'banner_img', Array)
#4 C:\xampp\htdocs\yii\framework\zii\widgets\grid\CDataColumn.php(104): CHtml::activeTextField(Object(Team), 'banner_img', Array)
#5 C:\xampp\htdocs\yii\framework\zii\widgets\grid\CGridColumn.php(253): CDataColumn->getFilterCellContent()
#6 C:\xampp\htdocs\cricketTournament\protected\extensions\bootstrap\widgets\TbDataColumn.php(53): CGridColumn->renderFilterCellContent()
#7 C:\xampp\htdocs\yii\framework\zii\widgets\grid\CGridView.php(539): TbDataColumn->renderFilterCell()
#8 C:\xampp\htdocs\yii\framework\zii\widgets\grid\CGridView.php(517): CGridView->renderFilter()
#9 C:\xampp\htdocs\yii\framework\zii\widgets\grid\CGridView.php(487): CGridView->renderTableHeader()
#10 C:\xampp\htdocs\yii\framework\zii\widgets\CBaseListView.php(181): CGridView->renderItems()
#11 [internal function]: CBaseListView->renderSection(Array)
#12 C:\xampp\htdocs\yii\framework\zii\widgets\CBaseListView.php(164): preg_replace_callback('/{(\\w+)}/', Array, '{summary}\n{item...')
#13 C:\xampp\htdocs\yii\framework\zii\widgets\CBaseListView.php(149): CBaseListView->renderContent()
#14 C:\xampp\htdocs\yii\framework\web\CBaseController.php(182): CBaseListView->run()
#15 C:\xampp\htdocs\cricketTournament\protected\views\team\index.php(18): CBaseController->widget('bootstrap.widge...', Array)
#16 C:\xampp\htdocs\yii\framework\web\CBaseController.php(126): require('C:\\xampp\\htdocs...')
#17 C:\xampp\htdocs\yii\framework\web\CBaseController.php(95): CBaseController->renderInternal('C:\\xampp\\htdocs...', Array, true)
#18 C:\xampp\htdocs\yii\framework\web\CController.php(872): CBaseController->renderFile('C:\\xampp\\htdocs...', Array, true)
#19 C:\xampp\htdocs\yii\framework\web\CController.php(785): CController->renderPartial('index', Array, true)
#20 C:\xampp\htdocs\cricketTournament\protected\controllers\TeamController.php(131): CController->render('index', Array)
#21 C:\xampp\htdocs\yii\framework\web\actions\CInlineAction.php(49): TeamController->actionIndex()
#22 C:\xampp\htdocs\yii\framework\web\CController.php(308): CInlineAction->runWithParams(Array)
#23 C:\xampp\htdocs\yii\framework\web\filters\CFilterChain.php(134): CController->runAction(Object(CInlineAction))
#24 C:\xampp\htdocs\yii\framework\web\filters\CFilter.php(40): CFilterChain->run()
#25 C:\xampp\htdocs\yii\framework\web\CController.php(1148): CFilter->filter(Object(CFilterChain))
#26 C:\xampp\htdocs\yii\framework\web\filters\CInlineFilter.php(58): CController->filterAccessControl(Object(CFilterChain))
#27 C:\xampp\htdocs\yii\framework\web\filters\CFilterChain.php(131): CInlineFilter->filter(Object(CFilterChain))
#28 C:\xampp\htdocs\yii\framework\web\CController.php(291): CFilterChain->run()
#29 C:\xampp\htdocs\yii\framework\web\CController.php(265): CController->runActionWithFilters(Object(CInlineAction), Array)
#30 C:\xampp\htdocs\yii\framework\web\CWebApplication.php(282): CController->run('')
#31 C:\xampp\htdocs\yii\framework\web\CWebApplication.php(141): CWebApplication->runController('')
#32 C:\xampp\htdocs\yii\framework\base\CApplication.php(185): CWebApplication->processRequest()
#33 C:\xampp\htdocs\cricketTournament\index.php(13): CApplication->run()
#34 {main}
REQUEST_URI=/cricketTournament/
---
2018/07/12 15:26:40 [error] [exception.CException] CException: Property "Team.banner_img" is not defined. in C:\xampp\htdocs\yii\framework\base\CComponent.php:130
Stack trace:
#0 C:\xampp\htdocs\yii\framework\db\ar\CActiveRecord.php(145): CComponent->__get('banner_img')
#1 C:\xampp\htdocs\yii\framework\base\CComponent.php(614) : eval()'d code(1): CActiveRecord->__get('banner_img')
#2 C:\xampp\htdocs\yii\framework\base\CComponent.php(614): eval()
#3 C:\xampp\htdocs\yii\framework\zii\widgets\grid\CDataColumn.php(142): CComponent->evaluateExpression('Yii::app()->req...', Array)
#4 C:\xampp\htdocs\yii\framework\zii\widgets\grid\CGridColumn.php(231): CDataColumn->getDataCellContent(0)
#5 C:\xampp\htdocs\yii\framework\zii\widgets\grid\CGridColumn.php(154): CGridColumn->renderDataCellContent(0, Object(Team))
#6 C:\xampp\htdocs\yii\framework\zii\widgets\grid\CGridView.php(639): CGridColumn->renderDataCell(0)
#7 C:\xampp\htdocs\yii\framework\zii\widgets\grid\CGridView.php(623): CGridView->renderDataCell(Object(TbDataColumn), 0)
#8 C:\xampp\htdocs\yii\framework\zii\widgets\grid\CGridView.php(579): CGridView->renderTableRow(0)
#9 C:\xampp\htdocs\yii\framework\zii\widgets\grid\CGridView.php(489): CGridView->renderTableBody()
#10 C:\xampp\htdocs\yii\framework\zii\widgets\CBaseListView.php(181): CGridView->renderItems()
#11 [internal function]: CBaseListView->renderSection(Array)
#12 C:\xampp\htdocs\yii\framework\zii\widgets\CBaseListView.php(164): preg_replace_callback('/{(\\w+)}/', Array, '{summary}\n{item...')
#13 C:\xampp\htdocs\yii\framework\zii\widgets\CBaseListView.php(149): CBaseListView->renderContent()
#14 C:\xampp\htdocs\yii\framework\web\CBaseController.php(182): CBaseListView->run()
#15 C:\xampp\htdocs\cricketTournament\protected\views\team\index.php(18): CBaseController->widget('bootstrap.widge...', Array)
#16 C:\xampp\htdocs\yii\framework\web\CBaseController.php(126): require('C:\\xampp\\htdocs...')
#17 C:\xampp\htdocs\yii\framework\web\CBaseController.php(95): CBaseController->renderInternal('C:\\xampp\\htdocs...', Array, true)
#18 C:\xampp\htdocs\yii\framework\web\CController.php(872): CBaseController->renderFile('C:\\xampp\\htdocs...', Array, true)
#19 C:\xampp\htdocs\yii\framework\web\CController.php(785): CController->renderPartial('index', Array, true)
#20 C:\xampp\htdocs\cricketTournament\protected\controllers\TeamController.php(131): CController->render('index', Array)
#21 C:\xampp\htdocs\yii\framework\web\actions\CInlineAction.php(49): TeamController->actionIndex()
#22 C:\xampp\htdocs\yii\framework\web\CController.php(308): CInlineAction->runWithParams(Array)
#23 C:\xampp\htdocs\yii\framework\web\filters\CFilterChain.php(134): CController->runAction(Object(CInlineAction))
#24 C:\xampp\htdocs\yii\framework\web\filters\CFilter.php(40): CFilterChain->run()
#25 C:\xampp\htdocs\yii\framework\web\CController.php(1148): CFilter->filter(Object(CFilterChain))
#26 C:\xampp\htdocs\yii\framework\web\filters\CInlineFilter.php(58): CController->filterAccessControl(Object(CFilterChain))
#27 C:\xampp\htdocs\yii\framework\web\filters\CFilterChain.php(131): CInlineFilter->filter(Object(CFilterChain))
#28 C:\xampp\htdocs\yii\framework\web\CController.php(291): CFilterChain->run()
#29 C:\xampp\htdocs\yii\framework\web\CController.php(265): CController->runActionWithFilters(Object(CInlineAction), Array)
#30 C:\xampp\htdocs\yii\framework\web\CWebApplication.php(282): CController->run('')
#31 C:\xampp\htdocs\yii\framework\web\CWebApplication.php(141): CWebApplication->runController('')
#32 C:\xampp\htdocs\yii\framework\base\CApplication.php(185): CWebApplication->processRequest()
#33 C:\xampp\htdocs\cricketTournament\index.php(13): CApplication->run()
#34 {main}
REQUEST_URI=/cricketTournament/
---
2018/07/12 15:26:46 [error] [exception.CException] CException: Unknown type "logo". in C:\xampp\htdocs\yii\framework\utils\CFormatter.php:130
Stack trace:
#0 C:\xampp\htdocs\yii\framework\zii\widgets\grid\CDataColumn.php(145): CFormatter->format('/cricketTournam...', 'logo')
#1 C:\xampp\htdocs\yii\framework\zii\widgets\grid\CGridColumn.php(231): CDataColumn->getDataCellContent(0)
#2 C:\xampp\htdocs\yii\framework\zii\widgets\grid\CGridColumn.php(154): CGridColumn->renderDataCellContent(0, Object(Team))
#3 C:\xampp\htdocs\yii\framework\zii\widgets\grid\CGridView.php(639): CGridColumn->renderDataCell(0)
#4 C:\xampp\htdocs\yii\framework\zii\widgets\grid\CGridView.php(623): CGridView->renderDataCell(Object(TbDataColumn), 0)
#5 C:\xampp\htdocs\yii\framework\zii\widgets\grid\CGridView.php(579): CGridView->renderTableRow(0)
#6 C:\xampp\htdocs\yii\framework\zii\widgets\grid\CGridView.php(489): CGridView->renderTableBody()
#7 C:\xampp\htdocs\yii\framework\zii\widgets\CBaseListView.php(181): CGridView->renderItems()
#8 [internal function]: CBaseListView->renderSection(Array)
#9 C:\xampp\htdocs\yii\framework\zii\widgets\CBaseListView.php(164): preg_replace_callback('/{(\\w+)}/', Array, '{summary}\n{item...')
#10 C:\xampp\htdocs\yii\framework\zii\widgets\CBaseListView.php(149): CBaseListView->renderContent()
#11 C:\xampp\htdocs\yii\framework\web\CBaseController.php(182): CBaseListView->run()
#12 C:\xampp\htdocs\cricketTournament\protected\views\team\index.php(18): CBaseController->widget('bootstrap.widge...', Array)
#13 C:\xampp\htdocs\yii\framework\web\CBaseController.php(126): require('C:\\xampp\\htdocs...')
#14 C:\xampp\htdocs\yii\framework\web\CBaseController.php(95): CBaseController->renderInternal('C:\\xampp\\htdocs...', Array, true)
#15 C:\xampp\htdocs\yii\framework\web\CController.php(872): CBaseController->renderFile('C:\\xampp\\htdocs...', Array, true)
#16 C:\xampp\htdocs\yii\framework\web\CController.php(785): CController->renderPartial('index', Array, true)
#17 C:\xampp\htdocs\cricketTournament\protected\controllers\TeamController.php(131): CController->render('index', Array)
#18 C:\xampp\htdocs\yii\framework\web\actions\CInlineAction.php(49): TeamController->actionIndex()
#19 C:\xampp\htdocs\yii\framework\web\CController.php(308): CInlineAction->runWithParams(Array)
#20 C:\xampp\htdocs\yii\framework\web\filters\CFilterChain.php(134): CController->runAction(Object(CInlineAction))
#21 C:\xampp\htdocs\yii\framework\web\filters\CFilter.php(40): CFilterChain->run()
#22 C:\xampp\htdocs\yii\framework\web\CController.php(1148): CFilter->filter(Object(CFilterChain))
#23 C:\xampp\htdocs\yii\framework\web\filters\CInlineFilter.php(58): CController->filterAccessControl(Object(CFilterChain))
#24 C:\xampp\htdocs\yii\framework\web\filters\CFilterChain.php(131): CInlineFilter->filter(Object(CFilterChain))
#25 C:\xampp\htdocs\yii\framework\web\CController.php(291): CFilterChain->run()
#26 C:\xampp\htdocs\yii\framework\web\CController.php(265): CController->runActionWithFilters(Object(CInlineAction), Array)
#27 C:\xampp\htdocs\yii\framework\web\CWebApplication.php(282): CController->run('')
#28 C:\xampp\htdocs\yii\framework\web\CWebApplication.php(141): CWebApplication->runController('')
#29 C:\xampp\htdocs\yii\framework\base\CApplication.php(185): CWebApplication->processRequest()
#30 C:\xampp\htdocs\cricketTournament\index.php(13): CApplication->run()
#31 {main}
REQUEST_URI=/cricketTournament/
---
2018/07/12 15:27:54 [error] [exception.CHttpException.404] CHttpException: Unable to resolve the request "uploads/banners/csk.png". in C:\xampp\htdocs\yii\framework\web\CWebApplication.php:286
Stack trace:
#0 C:\xampp\htdocs\yii\framework\web\CWebApplication.php(141): CWebApplication->runController('uploads/banners...')
#1 C:\xampp\htdocs\yii\framework\base\CApplication.php(185): CWebApplication->processRequest()
#2 C:\xampp\htdocs\cricketTournament\index.php(13): CApplication->run()
#3 {main}
REQUEST_URI=/cricketTournament/uploads/banners/csk.png
HTTP_REFERER=http://localhost/cricketTournament/
---
2018/07/12 15:31:30 [error] [exception.CHttpException.404] CHttpException: Unable to resolve the request "themes/images/pke.png". in C:\xampp\htdocs\yii\framework\web\CWebApplication.php:286
Stack trace:
#0 C:\xampp\htdocs\yii\framework\web\CWebApplication.php(141): CWebApplication->runController('themes/images/p...')
#1 C:\xampp\htdocs\yii\framework\base\CApplication.php(185): CWebApplication->processRequest()
#2 C:\xampp\htdocs\cricketTournament\index.php(13): CApplication->run()
#3 {main}
REQUEST_URI=/cricketTournament/themes/images/pke.png
HTTP_REFERER=http://localhost/cricketTournament/
---
2018/07/12 15:34:26 [error] [exception.CHttpException.404] CHttpException: Unable to resolve the request "jjjj". in C:\xampp\htdocs\yii\framework\web\CWebApplication.php:286
Stack trace:
#0 C:\xampp\htdocs\yii\framework\web\CWebApplication.php(141): CWebApplication->runController('jjjj')
#1 C:\xampp\htdocs\yii\framework\base\CApplication.php(185): CWebApplication->processRequest()
#2 C:\xampp\htdocs\cricketTournament\index.php(13): CApplication->run()
#3 {main}
REQUEST_URI=/cricketTournament/jjjj
HTTP_REFERER=http://localhost/cricketTournament/
---
2018/07/12 15:34:35 [error] [exception.CHttpException.404] CHttpException: Unable to resolve the request "jjjj". in C:\xampp\htdocs\yii\framework\web\CWebApplication.php:286
Stack trace:
#0 C:\xampp\htdocs\yii\framework\web\CWebApplication.php(141): CWebApplication->runController('jjjj')
#1 C:\xampp\htdocs\yii\framework\base\CApplication.php(185): CWebApplication->processRequest()
#2 C:\xampp\htdocs\cricketTournament\index.php(13): CApplication->run()
#3 {main}
REQUEST_URI=/cricketTournament/jjjj
HTTP_REFERER=http://localhost/cricketTournament/
---
2018/07/12 15:35:32 [error] [php] Undefined variable: data (C:\xampp\htdocs\cricketTournament\protected\views\team\index.php:30)
Stack trace:
#0 C:\xampp\htdocs\yii\framework\web\CController.php(872): TeamController->renderFile()
#1 C:\xampp\htdocs\yii\framework\web\CController.php(785): TeamController->renderPartial()
#2 C:\xampp\htdocs\cricketTournament\protected\controllers\TeamController.php(131): TeamController->render()
#3 C:\xampp\htdocs\yii\framework\web\actions\CInlineAction.php(49): TeamController->actionIndex()
#4 C:\xampp\htdocs\yii\framework\web\CController.php(308): CInlineAction->runWithParams()
#5 C:\xampp\htdocs\yii\framework\web\filters\CFilterChain.php(134): TeamController->runAction()
#6 C:\xampp\htdocs\yii\framework\web\filters\CFilter.php(40): CFilterChain->run()
#7 C:\xampp\htdocs\yii\framework\web\CController.php(1148): CAccessControlFilter->filter()
#8 C:\xampp\htdocs\yii\framework\web\filters\CInlineFilter.php(58): TeamController->filterAccessControl()
#9 C:\xampp\htdocs\yii\framework\web\filters\CFilterChain.php(131): CInlineFilter->filter()
#10 C:\xampp\htdocs\yii\framework\web\CController.php(291): CFilterChain->run()
#11 C:\xampp\htdocs\yii\framework\web\CController.php(265): TeamController->runActionWithFilters()
#12 C:\xampp\htdocs\yii\framework\web\CWebApplication.php(282): TeamController->run()
#13 C:\xampp\htdocs\yii\framework\web\CWebApplication.php(141): CWebApplication->runController()
#14 C:\xampp\htdocs\yii\framework\base\CApplication.php(185): CWebApplication->processRequest()
#15 C:\xampp\htdocs\cricketTournament\index.php(13): CWebApplication->run()
REQUEST_URI=/cricketTournament/
in C:\xampp\htdocs\cricketTournament\protected\views\team\index.php (30)
in C:\xampp\htdocs\cricketTournament\protected\controllers\TeamController.php (131)
in C:\xampp\htdocs\cricketTournament\index.php (13)
2018/07/12 15:36:16 [error] [exception.CHttpException.404] CHttpException: Unable to resolve the request "themes/images/pke.png". in C:\xampp\htdocs\yii\framework\web\CWebApplication.php:286
Stack trace:
#0 C:\xampp\htdocs\yii\framework\web\CWebApplication.php(141): CWebApplication->runController('themes/images/p...')
#1 C:\xampp\htdocs\yii\framework\base\CApplication.php(185): CWebApplication->processRequest()
#2 C:\xampp\htdocs\cricketTournament\index.php(13): CApplication->run()
#3 {main}
REQUEST_URI=/cricketTournament/themes/images/pke.png
HTTP_REFERER=http://localhost/cricketTournament/
---
2018/07/12 15:36:56 [error] [exception.CException] CException: Property "TbGridView.class" is not defined. in C:\xampp\htdocs\yii\framework\base\CComponent.php:173
Stack trace:
#0 C:\xampp\htdocs\yii\framework\web\CWidgetFactory.php(161): CComponent->__set('class', 'well')
#1 C:\xampp\htdocs\yii\framework\web\CBaseController.php(146): CWidgetFactory->createWidget(Object(TeamController), 'TbGridView', Array)
#2 C:\xampp\htdocs\yii\framework\web\CBaseController.php(181): CBaseController->createWidget('bootstrap.widge...', Array)
#3 C:\xampp\htdocs\cricketTournament\protected\views\team\index.php(16): CBaseController->widget('bootstrap.widge...', Array)
#4 C:\xampp\htdocs\yii\framework\web\CBaseController.php(126): require('C:\\xampp\\htdocs...')
#5 C:\xampp\htdocs\yii\framework\web\CBaseController.php(95): CBaseController->renderInternal('C:\\xampp\\htdocs...', Array, true)
#6 C:\xampp\htdocs\yii\framework\web\CController.php(872): CBaseController->renderFile('C:\\xampp\\htdocs...', Array, true)
#7 C:\xampp\htdocs\yii\framework\web\CController.php(785): CController->renderPartial('index', Array, true)
#8 C:\xampp\htdocs\cricketTournament\protected\controllers\TeamController.php(131): CController->render('index', Array)
#9 C:\xampp\htdocs\yii\framework\web\actions\CInlineAction.php(49): TeamController->actionIndex()
#10 C:\xampp\htdocs\yii\framework\web\CController.php(308): CInlineAction->runWithParams(Array)
#11 C:\xampp\htdocs\yii\framework\web\filters\CFilterChain.php(134): CController->runAction(Object(CInlineAction))
#12 C:\xampp\htdocs\yii\framework\web\filters\CFilter.php(40): CFilterChain->run()
#13 C:\xampp\htdocs\yii\framework\web\CController.php(1148): CFilter->filter(Object(CFilterChain))
#14 C:\xampp\htdocs\yii\framework\web\filters\CInlineFilter.php(58): CController->filterAccessControl(Object(CFilterChain))
#15 C:\xampp\htdocs\yii\framework\web\filters\CFilterChain.php(131): CInlineFilter->filter(Object(CFilterChain))
#16 C:\xampp\htdocs\yii\framework\web\CController.php(291): CFilterChain->run()
#17 C:\xampp\htdocs\yii\framework\web\CController.php(265): CController->runActionWithFilters(Object(CInlineAction), Array)
#18 C:\xampp\htdocs\yii\framework\web\CWebApplication.php(282): CController->run('')
#19 C:\xampp\htdocs\yii\framework\web\CWebApplication.php(141): CWebApplication->runController('')
#20 C:\xampp\htdocs\yii\framework\base\CApplication.php(185): CWebApplication->processRequest()
#21 C:\xampp\htdocs\cricketTournament\index.php(13): CApplication->run()
#22 {main}
REQUEST_URI=/cricketTournament/
---
2018/07/12 18:57:36 [error] [exception.ParseError] ParseError: syntax error, unexpected 'hkghgkhgk' (T_STRING) in C:\xampp\htdocs\cricketTournament\protected\views\team\index.php:7
Stack trace:
#0 C:\xampp\htdocs\yii\framework\web\CBaseController.php(95): CBaseController->renderInternal('C:\\xampp\\htdocs...', Array, true)
#1 C:\xampp\htdocs\yii\framework\web\CController.php(872): CBaseController->renderFile('C:\\xampp\\htdocs...', Array, true)
#2 C:\xampp\htdocs\yii\framework\web\CController.php(785): CController->renderPartial('index', Array, true)
#3 C:\xampp\htdocs\cricketTournament\protected\controllers\TeamController.php(131): CController->render('index', Array)
#4 C:\xampp\htdocs\yii\framework\web\actions\CInlineAction.php(49): TeamController->actionIndex()
#5 C:\xampp\htdocs\yii\framework\web\CController.php(308): CInlineAction->runWithParams(Array)
#6 C:\xampp\htdocs\yii\framework\web\filters\CFilterChain.php(134): CController->runAction(Object(CInlineAction))
#7 C:\xampp\htdocs\yii\framework\web\filters\CFilter.php(40): CFilterChain->run()
#8 C:\xampp\htdocs\yii\framework\web\CController.php(1148): CFilter->filter(Object(CFilterChain))
#9 C:\xampp\htdocs\yii\framework\web\filters\CInlineFilter.php(58): CController->filterAccessControl(Object(CFilterChain))
#10 C:\xampp\htdocs\yii\framework\web\filters\CFilterChain.php(131): CInlineFilter->filter(Object(CFilterChain))
#11 C:\xampp\htdocs\yii\framework\web\CController.php(291): CFilterChain->run()
#12 C:\xampp\htdocs\yii\framework\web\CController.php(265): CController->runActionWithFilters(Object(CInlineAction), Array)
#13 C:\xampp\htdocs\yii\framework\web\CWebApplication.php(282): CController->run('')
#14 C:\xampp\htdocs\yii\framework\web\CWebApplication.php(141): CWebApplication->runController('')
#15 C:\xampp\htdocs\yii\framework\base\CApplication.php(185): CWebApplication->processRequest()
#16 C:\xampp\htdocs\cricketTournament\index.php(13): CApplication->run()
#17 {main}
REQUEST_URI=/cricketTournament/
HTTP_REFERER=http://localhost/cricketTournament/site/login
---
2018/07/12 19:10:11 [error] [exception.CHttpException.404] CHttpException: Unable to resolve the request "themes/js/logo.png". in C:\xampp\htdocs\yii\framework\web\CWebApplication.php:286
Stack trace:
#0 C:\xampp\htdocs\yii\framework\web\CWebApplication.php(141): CWebApplication->runController('themes/js/logo....')
#1 C:\xampp\htdocs\yii\framework\base\CApplication.php(185): CWebApplication->processRequest()
#2 C:\xampp\htdocs\cricketTournament\index.php(13): CApplication->run()
#3 {main}
REQUEST_URI=/cricketTournament/themes/js/logo.png
HTTP_REFERER=http://localhost/cricketTournament/
---
